<?xml version="1.0" encoding="UTF-8"?>
<!-- Generated by org.testng.reporters.JUnitXMLReporter -->
<testsuite hostname="197nodnb23088" ignored="0" name="ZomatoTest" tests="2" failures="0" timestamp="28 Apr 2019 17:14:14 GMT" time="0.815" errors="0">
  <testcase name="@BeforeClass getBrowser" time="0.754" classname="TestScenario.Scenario1_OpenRegisterPage">
    <failure type="java.lang.IllegalStateException" message="The driver is not executable: /home/seemaseher/Downloads/zomato/zomato/drivers/For_Windows/geckodriver.exe">
      <![CDATA[java.lang.IllegalStateException: The driver is not executable: /home/seemaseher/Downloads/zomato/zomato/drivers/For_Windows/geckodriver.exe
	at com.google.common.base.Preconditions.checkState(Preconditions.java:534)
	at org.openqa.selenium.remote.service.DriverService.checkExecutable(DriverService.java:140)
	at org.openqa.selenium.remote.service.DriverService.findExecutable(DriverService.java:131)
	at org.openqa.selenium.firefox.GeckoDriverService.access$100(GeckoDriverService.java:41)
	at org.openqa.selenium.firefox.GeckoDriverService$Builder.findDefaultExecutable(GeckoDriverService.java:115)
	at org.openqa.selenium.remote.service.DriverService$Builder.build(DriverService.java:329)
	at org.openqa.selenium.firefox.FirefoxDriver.toExecutor(FirefoxDriver.java:207)
	at org.openqa.selenium.firefox.FirefoxDriver.<init>(FirefoxDriver.java:103)
	at org.openqa.selenium.firefox.FirefoxDriver.<init>(FirefoxDriver.java:99)
	at utility.GetBrowserInstance.initFirefoxDriver(GetBrowserInstance.java:112)
	at utility.GetBrowserInstance.getDriver(GetBrowserInstance.java:38)
	at TestScenario.Scenario1_OpenRegisterPage.getBrowser(Scenario1_OpenRegisterPage.java:29)
... Removed 25 stack frames]]>
    </failure>
  </testcase> <!-- @BeforeClass getBrowser -->
  <testcase name="@BeforeClass getBrowser" time="0.001" classname="TestScenario.Scenario2_FillRegisterationForm">
    <failure type="java.lang.IllegalStateException" message="The driver is not executable: /home/seemaseher/Downloads/zomato/zomato/drivers/For_Windows/geckodriver.exe">
      <![CDATA[java.lang.IllegalStateException: The driver is not executable: /home/seemaseher/Downloads/zomato/zomato/drivers/For_Windows/geckodriver.exe
	at com.google.common.base.Preconditions.checkState(Preconditions.java:534)
	at org.openqa.selenium.remote.service.DriverService.checkExecutable(DriverService.java:140)
	at org.openqa.selenium.remote.service.DriverService.findExecutable(DriverService.java:131)
	at org.openqa.selenium.firefox.GeckoDriverService.access$100(GeckoDriverService.java:41)
	at org.openqa.selenium.firefox.GeckoDriverService$Builder.findDefaultExecutable(GeckoDriverService.java:115)
	at org.openqa.selenium.remote.service.DriverService$Builder.build(DriverService.java:329)
	at org.openqa.selenium.firefox.FirefoxDriver.toExecutor(FirefoxDriver.java:207)
	at org.openqa.selenium.firefox.FirefoxDriver.<init>(FirefoxDriver.java:103)
	at org.openqa.selenium.firefox.FirefoxDriver.<init>(FirefoxDriver.java:99)
	at utility.GetBrowserInstance.initFirefoxDriver(GetBrowserInstance.java:112)
	at utility.GetBrowserInstance.getDriver(GetBrowserInstance.java:38)
	at TestScenario.Scenario2_FillRegisterationForm.getBrowser(Scenario2_FillRegisterationForm.java:28)
... Removed 25 stack frames]]>
    </failure>
  </testcase> <!-- @BeforeClass getBrowser -->
  <testcase name="Scenario1" time="0.001" classname="TestScenario.Scenario1_OpenRegisterPage">
    <skipped/>
  </testcase> <!-- Scenario1 -->
  <testcase name="Scenario1" time="0.0" classname="TestScenario.Scenario2_FillRegisterationForm">
    <skipped/>
  </testcase> <!-- Scenario1 -->
</testsuite> <!-- ZomatoTest -->
